app/build/outputs/logs/manifest-merger-debug-report.txt
-- Merging decision tree log ---
manifest
ADDED from src\main\AndroidManifest.xml:2:1-87:12
	package
		ADDED from src\main\AndroidManifest.xml:3:5-46
		INJECTED from src\main\AndroidManifest.xml
		INJECTED from src\main\AndroidManifest.xml
	android:versionName
		ADDED from src\main\AndroidManifest.xml:5:5-35
		INJECTED from src\main\AndroidManifest.xml
		INJECTED from src\main\AndroidManifest.xml
	android:versionCode
		ADDED from src\main\AndroidManifest.xml:4:5-29
		INJECTED from src\main\AndroidManifest.xml
		INJECTED from src\main\AndroidManifest.xml
	xmlns:android
		ADDED from src\main\AndroidManifest.xml:2:11-69
uses-sdk
ADDED from src\main\AndroidManifest.xml:7:5-44
MERGED from [:SMSSDK-3.0.0:] AndroidManifest.xml:7:5-9:41
MERGED from [com.android.support:support-v4:25.3.1] AndroidManifest.xml:21:5-23:54
MERGED from [com.android.support:support-fragment:25.3.1] AndroidManifest.xml:21:5-23:60
MERGED from [com.android.support:support-media-compat:25.3.1] AndroidManifest.xml:21:5-23:63
MERGED from [com.android.support:support-core-ui:25.3.1] AndroidManifest.xml:21:5-23:58
MERGED from [com.android.support:support-core-utils:25.3.1] AndroidManifest.xml:21:5-23:61
MERGED from [com.android.support:support-compat:25.3.1] AndroidManifest.xml:21:5-23:58
MERGED from [com.android.support.constraint:constraint-layout:1.0.2] AndroidManifest.xml:5:5-7:41
	tools:overrideLibrary
		ADDED from [com.android.support:support-v4:25.3.1] AndroidManifest.xml:23:9-51
	android:targetSdkVersion
		INJECTED from src\main\AndroidManifest.xml
		INJECTED from src\main\AndroidManifest.xml
	android:minSdkVersion
		ADDED from src\main\AndroidManifest.xml:7:15-41
		INJECTED from src\main\AndroidManifest.xml
		INJECTED from src\main\AndroidManifest.xml
uses-permission#android.permission.CALL_PHONE
ADDED from src\main\AndroidManifest.xml:9:5-69
	android:name
		ADDED from src\main\AndroidManifest.xml:9:22-66
uses-permission#android.permission.INTERNET
ADDED from src\main\AndroidManifest.xml:10:5-67
MERGED from [:YoumiSdk_v7.5.0_2017-07-18:] AndroidManifest.xml:6:2-64
	android:name
		ADDED from src\main\AndroidManifest.xml:10:22-64
uses-permission#android.permission.ACCESS_WIFI_STATE
ADDED from src\main\AndroidManifest.xml:11:5-76
MERGED from [:YoumiSdk_v7.5.0_2017-07-18:] AndroidManifest.xml:9:2-73
	android:name
		ADDED from src\main\AndroidManifest.xml:11:22-73
uses-permission#android.permission.ACCESS_NETWORK_STATE
ADDED from src\main\AndroidManifest.xml:12:5-79
MERGED from [:YoumiSdk_v7.5.0_2017-07-18:] AndroidManifest.xml:8:2-76
	android:name
		ADDED from src\main\AndroidManifest.xml:12:22-76
uses-permission#android.permission.CHANGE_WIFI_MULTICAST_STATE
ADDED from src\main\AndroidManifest.xml:13:5-86
	android:name
		ADDED from src\main\AndroidManifest.xml:13:22-83
uses-permission#android.permission.CHANGE_WIFI_STATE
ADDED from src\main\AndroidManifest.xml:14:5-76
	android:name
		ADDED from src\main\AndroidManifest.xml:14:22-73
uses-permission#android.permission.WRITE_EXTERNAL_STORAGE
ADDED from src\main\AndroidManifest.xml:15:5-81
MERGED from [:YoumiSdk_v7.5.0_2017-07-18:] AndroidManifest.xml:10:2-78
	android:name
		ADDED from src\main\AndroidManifest.xml:15:22-78
uses-permission#android.permission.READ_PHONE_STATE
ADDED from src\main\AndroidManifest.xml:16:5-75
MERGED from [:YoumiSdk_v7.5.0_2017-07-18:] AndroidManifest.xml:7:2-72
	android:name
		ADDED from src\main\AndroidManifest.xml:16:22-72
uses-permission#android.permission.READ_EXTERNAL_STORAGE
ADDED from src\main\AndroidManifest.xml:17:5-80
	android:name
		ADDED from src\main\AndroidManifest.xml:17:22-77
uses-permission#android.permission.READ_CONTACTS
ADDED from src\main\AndroidManifest.xml:18:5-72
	android:name
		ADDED from src\main\AndroidManifest.xml:18:22-69
uses-permission#android.permission.RECEIVE_SMS
ADDED from src\main\AndroidManifest.xml:24:5-70
	android:name
		ADDED from src\main\AndroidManifest.xml:24:22-67
uses-permission#android.permission.READ_SMS
ADDED from src\main\AndroidManifest.xml:25:5-67
	android:name
		ADDED from src\main\AndroidManifest.xml:25:22-64
uses-permission#android.permission.GET_TASKS
ADDED from src\main\AndroidManifest.xml:26:5-68
MERGED from [:YoumiSdk_v7.5.0_2017-07-18:] AndroidManifest.xml:12:2-14:32
	android:maxSdkVersion
		ADDED from [:YoumiSdk_v7.5.0_2017-07-18:] AndroidManifest.xml:14:3-29
	android:name
		ADDED from src\main\AndroidManifest.xml:26:22-65
uses-permission#android.permission.ACCESS_FINE_LOCATION
ADDED from src\main\AndroidManifest.xml:27:5-79
	android:name
		ADDED from src\main\AndroidManifest.xml:27:22-76
uses-permission#android.permission.RECEIVE_BOOT_COMPLETED
ADDED from src\main\AndroidManifest.xml:29:5-80
	android:name
		ADDED from src\main\AndroidManifest.xml:29:22-78
uses-permission#android.permission.REBOOT
ADDED from src\main\AndroidManifest.xml:30:5-64
	android:name
		ADDED from src\main\AndroidManifest.xml:30:22-62
application
ADDED from src\main\AndroidManifest.xml:32:5-85:19
MERGED from [:SMSSDK-3.0.0:] AndroidManifest.xml:11:5-12:19
MERGED from [:YoumiSdk_v7.5.0_2017-07-18:] AndroidManifest.xml:22:2-47:17
MERGED from [com.android.support:support-v4:25.3.1] AndroidManifest.xml:29:5-20
MERGED from [com.android.support:support-fragment:25.3.1] AndroidManifest.xml:29:5-20
MERGED from [com.android.support:support-media-compat:25.3.1] AndroidManifest.xml:29:5-20
MERGED from [com.android.support:support-core-ui:25.3.1] AndroidManifest.xml:29:5-20
MERGED from [com.android.support:support-core-utils:25.3.1] AndroidManifest.xml:29:5-20
MERGED from [com.android.support:support-compat:25.3.1] AndroidManifest.xml:29:5-20
MERGED from [com.android.support.constraint:constraint-layout:1.0.2] AndroidManifest.xml:9:5-20
	android:label
		ADDED from src\main\AndroidManifest.xml:36:9-41
	android:allowBackup
		ADDED from src\main\AndroidManifest.xml:34:9-35
	android:icon
		ADDED from src\main\AndroidManifest.xml:35:9-42
	android:theme
		ADDED from src\main\AndroidManifest.xml:37:9-40
	android:name
		ADDED from src\main\AndroidManifest.xml:33:9-46
meta-data#Mob-AppKey
ADDED from src\main\AndroidManifest.xml:38:9-40:45
	android:value
		ADDED from src\main\AndroidManifest.xml:40:13-42
	android:name
		ADDED from src\main\AndroidManifest.xml:39:13-38
meta-data#Mob-AppSecret
ADDED from src\main\AndroidManifest.xml:41:9-43:64
	android:value
		ADDED from src\main\AndroidManifest.xml:43:13-61
	android:name
		ADDED from src\main\AndroidManifest.xml:42:13-41
activity#com.espressif.iot.esptouch.demo_activity.EsptouchDemoActivity
ADDED from src\main\AndroidManifest.xml:45:9-48:52
	android:screenOrientation
		ADDED from src\main\AndroidManifest.xml:48:13-49
	android:label
		ADDED from src\main\AndroidManifest.xml:47:13-45
	android:name
		ADDED from src\main\AndroidManifest.xml:46:13-89
activity#com.espressif.iot.esptouch.demo_activity.SplashActivity
ADDED from src\main\AndroidManifest.xml:49:9-58:20
	android:label
		ADDED from src\main\AndroidManifest.xml:51:13-56
	android:theme
		ADDED from src\main\AndroidManifest.xml:52:13-65
	android:name
		ADDED from src\main\AndroidManifest.xml:50:13-83
intent-filter#android.intent.action.MAIN+android.intent.category.LAUNCHER
ADDED from src\main\AndroidManifest.xml:54:13-57:29
action#android.intent.action.MAIN
ADDED from src\main\AndroidManifest.xml:55:17-69
	android:name
		ADDED from src\main\AndroidManifest.xml:55:25-66
category#android.intent.category.LAUNCHER
ADDED from src\main\AndroidManifest.xml:56:17-77
	android:name
		ADDED from src\main\AndroidManifest.xml:56:27-74
activity#com.espressif.iot.esptouch.demo_activity.KeepLiveActivity
ADDED from src\main\AndroidManifest.xml:60:9-64:11
	android:configChanges
		ADDED from src\main\AndroidManifest.xml:62:13-94
	android:theme
		ADDED from src\main\AndroidManifest.xml:63:13-53
	android:name
		ADDED from src\main\AndroidManifest.xml:61:13-85
activity#com.espressif.iot.esptouch.demo_activity.ControlFacility
ADDED from src\main\AndroidManifest.xml:66:9-68:80
	android:label
		ADDED from src\main\AndroidManifest.xml:68:13-68
	android:name
		ADDED from src\main\AndroidManifest.xml:67:13-84
activity#com.espressif.iot.esptouch.demo_activity.MenuTestActivity
ADDED from src\main\AndroidManifest.xml:70:9-93
	android:name
		ADDED from src\main\AndroidManifest.xml:70:19-91
service#com.espressif.iot.esptouch.serveice.BrocastServiceListener
ADDED from src\main\AndroidManifest.xml:72:9-94
	android:name
		ADDED from src\main\AndroidManifest.xml:72:18-91
receiver#com.espressif.iot.esptouch.brocastReceiver.DMReceiver
ADDED from src\main\AndroidManifest.xml:74:9-84:20
	android:name
		ADDED from src\main\AndroidManifest.xml:74:19-87
intent-filter#android.intent.action.ACTION_POWER_CONNECTED+android.intent.action.BOOT_COMPLETED+android.intent.action.REBOOT+android.intent.action.SCREEN_OFF+android.intent.action.SCREEN_ON+android.intent.action.USER_PRESENT+android.net.conn.CONNECTIVITY_CHANGE
ADDED from src\main\AndroidManifest.xml:75:13-83:29
action#android.intent.action.REBOOT
ADDED from src\main\AndroidManifest.xml:76:17-70
	android:name
		ADDED from src\main\AndroidManifest.xml:76:25-68
action#android.intent.action.BOOT_COMPLETED
ADDED from src\main\AndroidManifest.xml:77:17-78
	android:name
		ADDED from src\main\AndroidManifest.xml:77:25-76
action#android.intent.action.SCREEN_OFF
ADDED from src\main\AndroidManifest.xml:78:17-74
	android:name
		ADDED from src\main\AndroidManifest.xml:78:25-72
action#android.intent.action.SCREEN_ON
ADDED from src\main\AndroidManifest.xml:79:17-73
	android:name
		ADDED from src\main\AndroidManifest.xml:79:25-71
action#android.intent.action.USER_PRESENT
ADDED from src\main\AndroidManifest.xml:80:17-76
	android:name
		ADDED from src\main\AndroidManifest.xml:80:25-74
action#android.net.conn.CONNECTIVITY_CHANGE
ADDED from src\main\AndroidManifest.xml:81:17-78
	android:name
		ADDED from src\main\AndroidManifest.xml:81:25-76
action#android.intent.action.ACTION_POWER_CONNECTED
ADDED from src\main\AndroidManifest.xml:82:17-86
	android:name
		ADDED from src\main\AndroidManifest.xml:82:25-84
uses-permission#android.permission.PACKAGE_USAGE_STATS
ADDED from [:YoumiSdk_v7.5.0_2017-07-18:] AndroidManifest.xml:15:2-17:41
	tools:ignore
		ADDED from [:YoumiSdk_v7.5.0_2017-07-18:] AndroidManifest.xml:17:3-38
	android:name
		ADDED from [:YoumiSdk_v7.5.0_2017-07-18:] AndroidManifest.xml:16:3-56
uses-permission#com.android.launcher.permission.INSTALL_SHORTCUT
ADDED from [:YoumiSdk_v7.5.0_2017-07-18:] AndroidManifest.xml:20:2-85
	android:name
		ADDED from [:YoumiSdk_v7.5.0_2017-07-18:] AndroidManifest.xml:20:19-82
activity#net.youmi.android.AdBrowser
ADDED from [:YoumiSdk_v7.5.0_2017-07-18:] AndroidManifest.xml:23:3-29:15
	android:resizeableActivity
		ADDED from [:YoumiSdk_v7.5.0_2017-07-18:] AndroidManifest.xml:26:4-38
	android:configChanges
		ADDED from [:YoumiSdk_v7.5.0_2017-07-18:] AndroidManifest.xml:25:4-106
	tools:targetApi
		ADDED from [:YoumiSdk_v7.5.0_2017-07-18:] AndroidManifest.xml:28:4-23
	android:theme
		ADDED from [:YoumiSdk_v7.5.0_2017-07-18:] AndroidManifest.xml:27:4-57
	android:name
		ADDED from [:YoumiSdk_v7.5.0_2017-07-18:] AndroidManifest.xml:24:4-46
service#net.youmi.android.AdService
ADDED from [:YoumiSdk_v7.5.0_2017-07-18:] AndroidManifest.xml:31:3-34:14
	android:exported
		ADDED from [:YoumiSdk_v7.5.0_2017-07-18:] AndroidManifest.xml:33:4-28
	android:name
		ADDED from [:YoumiSdk_v7.5.0_2017-07-18:] AndroidManifest.xml:32:4-46
service#net.youmi.android.ExpService
ADDED from [:YoumiSdk_v7.5.0_2017-07-18:] AndroidManifest.xml:35:3-38:14
	android:exported
		ADDED from [:YoumiSdk_v7.5.0_2017-07-18:] AndroidManifest.xml:37:4-28
	android:name
		ADDED from [:YoumiSdk_v7.5.0_2017-07-18:] AndroidManifest.xml:36:4-47
receiver#net.youmi.android.AdReceiver
ADDED from [:YoumiSdk_v7.5.0_2017-07-18:] AndroidManifest.xml:40:3-45:15
	android:name
		ADDED from [:YoumiSdk_v7.5.0_2017-07-18:] AndroidManifest.xml:40:13-56
intent-filter#android.intent.action.PACKAGE_ADDED
ADDED from [:YoumiSdk_v7.5.0_2017-07-18:] AndroidManifest.xml:41:4-44:21
action#android.intent.action.PACKAGE_ADDED
ADDED from [:YoumiSdk_v7.5.0_2017-07-18:] AndroidManifest.xml:42:5-66
	android:name
		ADDED from [:YoumiSdk_v7.5.0_2017-07-18:] AndroidManifest.xml:42:13-63
data
ADDED from [:YoumiSdk_v7.5.0_2017-07-18:] AndroidManifest.xml:43:5-38
	android:scheme
		ADDED from [:YoumiSdk_v7.5.0_2017-07-18:] AndroidManifest.xml:43:11-35
meta-data#android.support.VERSION
ADDED from [com.android.support:support-v4:25.3.1] AndroidManifest.xml:25:5-27:34
MERGED from [com.android.support:support-fragment:25.3.1] AndroidManifest.xml:25:5-27:34
MERGED from [com.android.support:support-media-compat:25.3.1] AndroidManifest.xml:25:5-27:34
MERGED from [com.android.support:support-core-ui:25.3.1] AndroidManifest.xml:25:5-27:34
MERGED from [com.android.support:support-core-utils:25.3.1] AndroidManifest.xml:25:5-27:34
MERGED from [com.android.support:support-compat:25.3.1] AndroidManifest.xml:25:5-27:34
	android:value
		ADDED from [com.android.support:support-v4:25.3.1] AndroidManifest.xml:27:9-31
	android:name
		ADDED from [com.android.support:support-v4:25.3.1] AndroidManifest.xml:26:9-47